<?xml version="1.0" encoding="UTF-8"?>
<!-- Generated by org.testng.reporters.JUnitXMLReporter -->
<testsuite hostname="XIPLR084" name="MyResourceTest" tests="3" failures="0" timestamp="9 Apr 2018 13:15:49 GMT" time="61.382" errors="0">
  <testcase name="MyResourceTest001_Create_New_Lesson" time="21.066" classname="tests.MyResourcePageTest"/>
  <testcase name="MyResourceTest002_Create_New_Activity" time="20.262" classname="tests.MyResourcePageTest"/>
  <testcase name="MyResourceTest003_Create_New_Assessment" time="20.036" classname="tests.MyResourcePageTest"/>
</testsuite> <!-- MyResourceTest -->
